<?xml version="1.0" encoding="UTF-8" ?>
<testsuite tests="5" failures="0" name="com.qa.ims.controllers.OrderControllerTest" time="0.046" errors="0" skipped="0">
  <properties>
[...]
</properties>
  <testcase classname="com.qa.ims.controllers.OrderControllerTest" name="testUpdateAdd" time="0.035"/>
  <testcase classname="com.qa.ims.controllers.OrderControllerTest" name="testUpdateRemove" time="0.003"/>
  <testcase classname="com.qa.ims.controllers.OrderControllerTest" name="testReadAll" time="0.002"/>
  <testcase classname="com.qa.ims.controllers.OrderControllerTest" name="testCreate" time="0.004"/>
  <testcase classname="com.qa.ims.controllers.OrderControllerTest" name="testDelete" time="0.002"/>
</testsuite>